<?xml version="1.0" encoding="UTF-8"?>
<!-- Generated by org.testng.reporters.JUnitReportReporter -->
<testsuite hostname="AbiyuD-TPL13Yoga" failures="0" tests="1" name="test.FilterItemFound" time="20.156" errors="0" timestamp="2021-12-06T15:48:48 WIB" skipped="0">
  <testcase classname="test.FilterItemFound" name="filterFound" time="20.156"/>
  <system-out/>
</testsuite> <!-- test.FilterItemFound -->
